[2025-09-09 16:25:55.777] [INFO ] [main] com.springboot.api.ApiApplication Starting ApiApplication using Java 21.0.5 with PID 20000 (C:\Users\jimin\SpringStudy\api\target\classes started by jimin in C:\Users\jimin\SpringStudy\api)
[2025-09-09 16:25:55.780] [INFO ] [main] com.springboot.api.ApiApplication No active profile set, falling back to 1 default profile: "default"
[2025-09-09 16:25:57.381] [INFO ] [main] org.springframework.boot.web.embedded.tomcat.TomcatWebServer Tomcat initialized with port 8080 (http)
[2025-09-09 16:25:57.397] [INFO ] [main] org.apache.coyote.http11.Http11NioProtocol Initializing ProtocolHandler ["http-nio-8080"]
[2025-09-09 16:25:57.400] [INFO ] [main] org.apache.catalina.core.StandardService Starting service [Tomcat]
[2025-09-09 16:25:57.400] [INFO ] [main] org.apache.catalina.core.StandardEngine Starting Servlet engine: [Apache Tomcat/10.1.44]
[2025-09-09 16:25:57.493] [INFO ] [main] org.apache.catalina.core.ContainerBase.[Tomcat].[localhost].[/] Initializing Spring embedded WebApplicationContext
[2025-09-09 16:25:57.493] [INFO ] [main] org.springframework.boot.web.servlet.context.ServletWebServerApplicationContext Root WebApplicationContext: initialization completed in 1638 ms
[2025-09-09 16:25:57.804] [INFO ] [main] org.springframework.validation.beanvalidation.OptionalValidatorFactoryBean Failed to set up a Bean Validation provider: jakarta.validation.NoProviderFoundException: Unable to create a Configuration, because no Jakarta Bean Validation provider could be found. Add a provider like Hibernate Validator (RI) to your classpath.
[2025-09-09 16:25:58.247] [INFO ] [main] org.apache.coyote.http11.Http11NioProtocol Starting ProtocolHandler ["http-nio-8080"]
[2025-09-09 16:25:58.293] [INFO ] [main] org.springframework.boot.web.embedded.tomcat.TomcatWebServer Tomcat started on port 8080 (http) with context path '/'
[2025-09-09 16:25:58.312] [INFO ] [main] com.springboot.api.ApiApplication Started ApiApplication in 3.442 seconds (process running for 4.269)
[2025-09-09 16:28:10.491] [INFO ] [SpringApplicationShutdownHook] org.springframework.boot.web.embedded.tomcat.GracefulShutdown Commencing graceful shutdown. Waiting for active requests to complete
[2025-09-09 16:28:10.507] [INFO ] [tomcat-shutdown] org.springframework.boot.web.embedded.tomcat.GracefulShutdown Graceful shutdown complete
[2025-09-09 16:28:15.552] [INFO ] [main] com.springboot.api.ApiApplication Starting ApiApplication using Java 21.0.5 with PID 8108 (C:\Users\jimin\SpringStudy\api\target\classes started by jimin in C:\Users\jimin\SpringStudy\api)
[2025-09-09 16:28:15.556] [INFO ] [main] com.springboot.api.ApiApplication No active profile set, falling back to 1 default profile: "default"
[2025-09-09 16:28:16.980] [INFO ] [main] org.springframework.boot.web.embedded.tomcat.TomcatWebServer Tomcat initialized with port 8080 (http)
[2025-09-09 16:28:17.001] [INFO ] [main] org.apache.coyote.http11.Http11NioProtocol Initializing ProtocolHandler ["http-nio-8080"]
[2025-09-09 16:28:17.004] [INFO ] [main] org.apache.catalina.core.StandardService Starting service [Tomcat]
[2025-09-09 16:28:17.004] [INFO ] [main] org.apache.catalina.core.StandardEngine Starting Servlet engine: [Apache Tomcat/10.1.44]
[2025-09-09 16:28:17.093] [INFO ] [main] org.apache.catalina.core.ContainerBase.[Tomcat].[localhost].[/] Initializing Spring embedded WebApplicationContext
[2025-09-09 16:28:17.093] [INFO ] [main] org.springframework.boot.web.servlet.context.ServletWebServerApplicationContext Root WebApplicationContext: initialization completed in 1470 ms
[2025-09-09 16:28:17.362] [INFO ] [main] org.springframework.validation.beanvalidation.OptionalValidatorFactoryBean Failed to set up a Bean Validation provider: jakarta.validation.NoProviderFoundException: Unable to create a Configuration, because no Jakarta Bean Validation provider could be found. Add a provider like Hibernate Validator (RI) to your classpath.
[2025-09-09 16:28:17.809] [INFO ] [main] org.apache.coyote.http11.Http11NioProtocol Starting ProtocolHandler ["http-nio-8080"]
[2025-09-09 16:28:17.847] [INFO ] [main] org.springframework.boot.web.embedded.tomcat.TomcatWebServer Tomcat started on port 8080 (http) with context path '/'
[2025-09-09 16:28:17.862] [INFO ] [main] com.springboot.api.ApiApplication Started ApiApplication in 3.104 seconds (process running for 4.01)
[2025-09-09 16:28:27.143] [INFO ] [http-nio-8080-exec-1] org.apache.catalina.core.ContainerBase.[Tomcat].[localhost].[/] Initializing Spring DispatcherServlet 'dispatcherServlet'
[2025-09-09 16:28:27.143] [INFO ] [http-nio-8080-exec-1] org.springframework.web.servlet.DispatcherServlet Initializing Servlet 'dispatcherServlet'
[2025-09-09 16:28:27.145] [INFO ] [http-nio-8080-exec-1] org.springframework.web.servlet.DispatcherServlet Completed initialization in 1 ms
[2025-09-09 16:28:28.104] [INFO ] [http-nio-8080-exec-10] org.springdoc.api.AbstractOpenApiResource Init duration for springdoc-openapi is: 491 ms
[2025-09-09 16:28:35.020] [INFO ] [http-nio-8080-exec-9] com.springboot.api.controller.GetController getHello 메서드가 호출되었습니다
[2025-09-09 16:29:36.609] [INFO ] [SpringApplicationShutdownHook] org.springframework.boot.web.embedded.tomcat.GracefulShutdown Commencing graceful shutdown. Waiting for active requests to complete
[2025-09-09 16:29:36.622] [INFO ] [tomcat-shutdown] org.springframework.boot.web.embedded.tomcat.GracefulShutdown Graceful shutdown complete
[2025-09-09 16:29:42.109] [INFO ] [main] com.springboot.api.ApiApplication Starting ApiApplication using Java 21.0.5 with PID 31992 (C:\Users\jimin\SpringStudy\api\target\classes started by jimin in C:\Users\jimin\SpringStudy\api)
[2025-09-09 16:29:42.111] [INFO ] [main] com.springboot.api.ApiApplication No active profile set, falling back to 1 default profile: "default"
[2025-09-09 16:29:43.620] [INFO ] [main] org.springframework.boot.web.embedded.tomcat.TomcatWebServer Tomcat initialized with port 8080 (http)
[2025-09-09 16:29:43.641] [INFO ] [main] org.apache.coyote.http11.Http11NioProtocol Initializing ProtocolHandler ["http-nio-8080"]
[2025-09-09 16:29:43.646] [INFO ] [main] org.apache.catalina.core.StandardService Starting service [Tomcat]
[2025-09-09 16:29:43.650] [INFO ] [main] org.apache.catalina.core.StandardEngine Starting Servlet engine: [Apache Tomcat/10.1.44]
[2025-09-09 16:29:43.754] [INFO ] [main] org.apache.catalina.core.ContainerBase.[Tomcat].[localhost].[/] Initializing Spring embedded WebApplicationContext
[2025-09-09 16:29:43.754] [INFO ] [main] org.springframework.boot.web.servlet.context.ServletWebServerApplicationContext Root WebApplicationContext: initialization completed in 1563 ms
[2025-09-09 16:29:44.037] [INFO ] [main] org.springframework.validation.beanvalidation.OptionalValidatorFactoryBean Failed to set up a Bean Validation provider: jakarta.validation.NoProviderFoundException: Unable to create a Configuration, because no Jakarta Bean Validation provider could be found. Add a provider like Hibernate Validator (RI) to your classpath.
[2025-09-09 16:29:44.472] [INFO ] [main] org.apache.coyote.http11.Http11NioProtocol Starting ProtocolHandler ["http-nio-8080"]
[2025-09-09 16:29:44.509] [INFO ] [main] org.springframework.boot.web.embedded.tomcat.TomcatWebServer Tomcat started on port 8080 (http) with context path '/'
[2025-09-09 16:29:44.524] [INFO ] [main] com.springboot.api.ApiApplication Started ApiApplication in 3.192 seconds (process running for 4.034)
[2025-09-09 16:29:59.700] [INFO ] [http-nio-8080-exec-1] org.apache.catalina.core.ContainerBase.[Tomcat].[localhost].[/] Initializing Spring DispatcherServlet 'dispatcherServlet'
[2025-09-09 16:29:59.701] [INFO ] [http-nio-8080-exec-1] org.springframework.web.servlet.DispatcherServlet Initializing Servlet 'dispatcherServlet'
[2025-09-09 16:29:59.704] [INFO ] [http-nio-8080-exec-1] org.springframework.web.servlet.DispatcherServlet Completed initialization in 1 ms
[2025-09-09 16:29:59.805] [INFO ] [http-nio-8080-exec-1] com.springboot.api.controller.GetController @PathVariable을 통해 들어온 값 : aaa
